<?xml version="1.0" encoding="UTF-8"?>
<!-- Generated by org.testng.reporters.JUnitXMLReporter -->
<testsuite ignored="0" hostname="DESKTOP-QOLI7PU" failures="0" tests="3" name="Test" time="66.314" errors="0" timestamp="2022-03-18T13:32:16 IST">
  <testcase classname="Academy.Navigationpage" name="navigationbar" time="0.302"/>
  <testcase classname="Academy.HomePage" name="basepagenavigation" time="3.031"/>
  <testcase classname="Academy.validateTitle" name="validatepagetitle" time="0.284"/>
</testsuite> <!-- Test -->
