<?xml version="1.0" encoding="UTF-8"?>
<!-- Generated by org.testng.reporters.JUnitXMLReporter -->
<testsuite hostname="DESKTOP-QOLI7PU" ignored="0" name="Validating user login" tests="2" failures="0" timestamp="31 May 2022 09:15:45 GMT" time="74.1" errors="0">
  <testcase name="runScenario" time="47.484" classname="io.cucumber.testng.AbstractTestNGCucumberTests"/>
  <testcase name="runScenario" time="25.992" classname="io.cucumber.testng.AbstractTestNGCucumberTests"/>
</testsuite> <!-- Validating user login -->
