<?xml version="1.0" encoding="UTF-8"?>
<testng-results skipped="0" failed="0" ignored="0" total="2" passed="2">
  <reporter-output>
  </reporter-output>
  <suite name="Suite" duration-ms="74100" started-at="2022-05-31T09:14:31Z" finished-at="2022-05-31T09:15:45Z">
    <groups>
      <group name="cucumber">
        <method signature="AbstractTestNGCucumberTests.runScenario(io.cucumber.testng.PickleWrapper, io.cucumber.testng.FeatureWrapper)[pri:0, instance:CucumberOptions.TestRunner@1bb266b3]" name="runScenario" class="io.cucumber.testng.AbstractTestNGCucumberTests"/>
      </group> <!-- cucumber -->
    </groups>
    <test name="Validating user login" duration-ms="74100" started-at="2022-05-31T09:14:31Z" finished-at="2022-05-31T09:15:45Z">
      <class name="CucumberOptions.TestRunner">
        <test-method status="PASS" signature="setUpClass()[pri:0, instance:CucumberOptions.TestRunner@1bb266b3]" name="setUpClass" is-config="true" duration-ms="489" started-at="2022-05-31T09:14:31Z" finished-at="2022-05-31T09:14:32Z">
          <reporter-output>
          </reporter-output>
        </test-method> <!-- setUpClass -->
        <test-method status="PASS" signature="runScenario(io.cucumber.testng.PickleWrapper, io.cucumber.testng.FeatureWrapper)[pri:0, instance:CucumberOptions.TestRunner@1bb266b3]" name="runScenario" duration-ms="47484" started-at="2022-05-31T09:14:32Z" description="Runs Cucumber Scenarios" data-provider="scenarios" finished-at="2022-05-31T09:15:19Z">
          <params>
            <param index="0">
              <value>
                <![CDATA["positive test validating login"]]>
              </value>
            </param>
            <param index="1">
              <value>
                <![CDATA["Optional[Login into Application]"]]>
              </value>
            </param>
          </params>
          <reporter-output>
          </reporter-output>
        </test-method> <!-- runScenario -->
        <test-method status="PASS" signature="runScenario(io.cucumber.testng.PickleWrapper, io.cucumber.testng.FeatureWrapper)[pri:0, instance:CucumberOptions.TestRunner@1bb266b3]" name="runScenario" duration-ms="25992" started-at="2022-05-31T09:15:19Z" description="Runs Cucumber Scenarios" data-provider="scenarios" finished-at="2022-05-31T09:15:45Z">
          <params>
            <param index="0">
              <value>
                <![CDATA["positive test validating login"]]>
              </value>
            </param>
            <param index="1">
              <value>
                <![CDATA["Optional[Login into Application]"]]>
              </value>
            </param>
          </params>
          <reporter-output>
          </reporter-output>
        </test-method> <!-- runScenario -->
        <test-method status="PASS" signature="tearDownClass()[pri:0, instance:CucumberOptions.TestRunner@1bb266b3]" name="tearDownClass" is-config="true" duration-ms="72" started-at="2022-05-31T09:15:45Z" finished-at="2022-05-31T09:15:45Z">
          <reporter-output>
          </reporter-output>
        </test-method> <!-- tearDownClass -->
      </class> <!-- CucumberOptions.TestRunner -->
    </test> <!-- Validating user login -->
  </suite> <!-- Suite -->
</testng-results>
